# JRE version: OpenJDK Runtime Environment Temurin-17.0.4.1+1 (17.0.4.1+1) (build 17.0.4.1+1)
# Java VM: OpenJDK 64-Bit Server VM Temurin-17.0.4.1+1 (17.0.4.1+1, mixed mode, sharing, tiered, compressed oops, compressed class ptrs, g1 gc, windows-amd64)
GC Precious Log:
 CPUs: 8 total, 8 available
 Memory: 8043M
 Large Page Support: Disabled
 NUMA Support: Disabled
 Compressed Oops: Enabled (32-bit)
 Heap Region Size: 1M
 Heap Min Capacity: 8M
 Heap Initial Capacity: 126M
 Heap Max Capacity: 2012M
 Pre-touch: Disabled
 Parallel Workers: 8
 Concurrent Workers: 2
 Concurrent Refinement Workers: 8
 Periodic GC: Disabled
Heap:
 garbage-first heap   total 229376K, used 85212K [0x0000000082400000, 0x0000000100000000)
  region size 1024K, 1 young (1024K), 1 survivors (1024K)
 Metaspace       used 11471K, committed 11648K, reserved 1064960K
  class space    used 1072K, committed 1152K, reserved 1048576K
GC Heap History (20 events):
Event: 1394.460 GC heap after
{Heap after GC invocations=2949 (full 26):
 garbage-first heap   total 229376K, used 67525K [0x0000000082400000, 0x0000000100000000)
  region size 1024K, 0 young (0K), 0 survivors (0K)
 Metaspace       used 11424K, committed 11648K, reserved 1064960K
  class space    used 1067K, committed 1152K, reserved 1048576K
}
Event: 1395.526 GC heap before
{Heap before GC invocations=2949 (full 26):
 garbage-first heap   total 229376K, used 70597K [0x0000000082400000, 0x0000000100000000)
  region size 1024K, 2 young (2048K), 0 survivors (0K)
 Metaspace       used 11424K, committed 11648K, reserved 1064960K
  class space    used 1067K, committed 1152K, reserved 1048576K
}
Event: 1395.534 GC heap after
{Heap after GC invocations=2950 (full 27):
 garbage-first heap   total 229376K, used 67537K [0x0000000082400000, 0x0000000100000000)
  region size 1024K, 0 young (0K), 0 survivors (0K)
 Metaspace       used 11424K, committed 11648K, reserved 1064960K
  class space    used 1067K, committed 1152K, reserved 1048576K
}
Event: 1397.023 GC heap before
{Heap before GC invocations=2950 (full 27):
 garbage-first heap   total 229376K, used 108497K [0x0000000082400000, 0x0000000100000000)
  region size 1024K, 9 young (9216K), 0 survivors (0K)
 Metaspace       used 11449K, committed 11648K, reserved 1064960K
  class space    used 1072K, committed 1152K, reserved 1048576K
}
Event: 1397.025 GC heap after
{Heap after GC invocations=2951 (full 27):
 garbage-first heap   total 229376K, used 100407K [0x0000000082400000, 0x0000000100000000)
  region size 1024K, 1 young (1024K), 1 survivors (1024K)
 Metaspace       used 11449K, committed 11648K, reserved 1064960K
  class space    used 1072K, committed 1152K, reserved 1048576K
}
Event: 1397.032 GC heap before
{Heap before GC invocations=2951 (full 27):
 garbage-first heap   total 229376K, used 102455K [0x0000000082400000, 0x0000000100000000)
  region size 1024K, 3 young (3072K), 1 survivors (1024K)
 Metaspace       used 11449K, committed 11648K, reserved 1064960K
  class space    used 1072K, committed 1152K, reserved 1048576K
}
Event: 1397.033 GC heap after
{Heap after GC invocations=2952 (full 27):
 garbage-first heap   total 229376K, used 85010K [0x0000000082400000, 0x0000000100000000)
  region size 1024K, 1 young (1024K), 1 survivors (1024K)
 Metaspace       used 11449K, committed 11648K, reserved 1064960K
  class space    used 1072K, committed 1152K, reserved 1048576K
}
Event: 1397.064 GC heap before
{Heap before GC invocations=2952 (full 27):
 garbage-first heap   total 229376K, used 93202K [0x0000000082400000, 0x0000000100000000)
  region size 1024K, 3 young (3072K), 1 survivors (1024K)
 Metaspace       used 11465K, committed 11648K, reserved 1064960K
  class space    used 1072K, committed 1152K, reserved 1048576K
}
Event: 1397.073 GC heap after
{Heap after GC invocations=2953 (full 28):
 garbage-first heap   total 229376K, used 76878K [0x0000000082400000, 0x0000000100000000)
  region size 1024K, 0 young (0K), 0 survivors (0K)
 Metaspace       used 11465K, committed 11648K, reserved 1064960K
  class space    used 1072K, committed 1152K, reserved 1048576K
}
Event: 1398.080 GC heap before
{Heap before GC invocations=2953 (full 28):
 garbage-first heap   total 229376K, used 102478K [0x0000000082400000, 0x0000000100000000)
  region size 1024K, 9 young (9216K), 0 survivors (0K)
 Metaspace       used 11467K, committed 11648K, reserved 1064960K
  class space    used 1072K, committed 1152K, reserved 1048576K
}
Event: 1398.081 GC heap after
{Heap after GC invocations=2954 (full 28):
 garbage-first heap   total 229376K, used 93274K [0x0000000082400000, 0x0000000100000000)
  region size 1024K, 1 young (1024K), 1 survivors (1024K)
 Metaspace       used 11467K, committed 11648K, reserved 1064960K
  class space    used 1072K, committed 1152K, reserved 1048576K
}
Event: 1398.088 GC heap before
{Heap before GC invocations=2954 (full 28):
 garbage-first heap   total 229376K, used 101466K [0x0000000082400000, 0x0000000100000000)
  region size 1024K, 2 young (2048K), 1 survivors (1024K)
 Metaspace       used 11468K, committed 11648K, reserved 1064960K
  class space    used 1072K, committed 1152K, reserved 1048576K
}
Event: 1398.089 GC heap after
{Heap after GC invocations=2955 (full 28):
 garbage-first heap   total 229376K, used 101468K [0x0000000082400000, 0x0000000100000000)
  region size 1024K, 1 young (1024K), 1 survivors (1024K)
 Metaspace       used 11468K, committed 11648K, reserved 1064960K
  class space    used 1072K, committed 1152K, reserved 1048576K
}
Event: 1398.101 GC heap before
{Heap before GC invocations=2956 (full 28):
 garbage-first heap   total 229376K, used 108636K [0x0000000082400000, 0x0000000100000000)
  region size 1024K, 2 young (2048K), 1 survivors (1024K)
 Metaspace       used 11468K, committed 11648K, reserved 1064960K
  class space    used 1072K, committed 1152K, reserved 1048576K
}
Event: 1398.102 GC heap after
{Heap after GC invocations=2957 (full 28):
 garbage-first heap   total 229376K, used 92287K [0x0000000082400000, 0x0000000100000000)
  region size 1024K, 1 young (1024K), 1 survivors (1024K)
 Metaspace       used 11468K, committed 11648K, reserved 1064960K
  class space    used 1072K, committed 1152K, reserved 1048576K
}
Event: 1398.134 GC heap before
{Heap before GC invocations=2957 (full 28):
 garbage-first heap   total 229376K, used 101503K [0x0000000082400000, 0x0000000100000000)
  region size 1024K, 4 young (4096K), 1 survivors (1024K)
 Metaspace       used 11471K, committed 11648K, reserved 1064960K
  class space    used 1072K, committed 1152K, reserved 1048576K
}
Event: 1398.136 GC heap after
{Heap after GC invocations=2958 (full 28):
 garbage-first heap   total 229376K, used 99546K [0x0000000082400000, 0x0000000100000000)
  region size 1024K, 1 young (1024K), 1 survivors (1024K)
 Metaspace       used 11471K, committed 11648K, reserved 1064960K
  class space    used 1072K, committed 1152K, reserved 1048576K
}
Event: 1398.142 GC heap before
{Heap before GC invocations=2958 (full 28):
 garbage-first heap   total 229376K, used 100570K [0x0000000082400000, 0x0000000100000000)
  region size 1024K, 2 young (2048K), 1 survivors (1024K)
 Metaspace       used 11471K, committed 11648K, reserved 1064960K
  class space    used 1072K, committed 1152K, reserved 1048576K
}
Event: 1398.156 GC heap after
{Heap after GC invocations=2959 (full 29):
 garbage-first heap   total 229376K, used 85200K [0x0000000082400000, 0x0000000100000000)
  region size 1024K, 0 young (0K), 0 survivors (0K)
 Metaspace       used 11471K, committed 11648K, reserved 1064960K
  class space    used 1072K, committed 1152K, reserved 1048576K
}
Event: 1398.869 GC heap before
{Heap before GC invocations=2959 (full 29):
 garbage-first heap   total 229376K, used 99536K [0x0000000082400000, 0x0000000100000000)
  region size 1024K, 1 young (1024K), 0 survivors (0K)
 Metaspace       used 11471K, committed 11648K, reserved 1064960K
  class space    used 1072K, committed 1152K, reserved 1048576K
}

