# JRE version: OpenJDK Runtime Environment Temurin-17.0.4.1+1 (17.0.4.1+1) (build 17.0.4.1+1)
# Java VM: OpenJDK 64-Bit Server VM Temurin-17.0.4.1+1 (17.0.4.1+1, mixed mode, sharing, tiered, compressed oops, compressed class ptrs, g1 gc, windows-amd64)
GC Precious Log:
 CPUs: 8 total, 8 available
 Memory: 8043M
 Large Page Support: Disabled
 NUMA Support: Disabled
 Compressed Oops: Enabled (32-bit)
 Heap Region Size: 1M
 Heap Min Capacity: 8M
 Heap Initial Capacity: 126M
 Heap Max Capacity: 2012M
 Pre-touch: Disabled
 Parallel Workers: 8
 Concurrent Workers: 2
 Concurrent Refinement Workers: 8
 Periodic GC: Disabled
Heap:
 garbage-first heap   total 313344K, used 70023K [0x0000000082400000, 0x0000000100000000)
  region size 1024K, 1 young (1024K), 1 survivors (1024K)
 Metaspace       used 11453K, committed 11712K, reserved 1064960K
  class space    used 1059K, committed 1152K, reserved 1048576K
GC Heap History (20 events):
Event: 2144.375 GC heap after
{Heap after GC invocations=3897 (full 19):
 garbage-first heap   total 178176K, used 68491K [0x0000000082400000, 0x0000000100000000)
  region size 1024K, 1 young (1024K), 1 survivors (1024K)
 Metaspace       used 11433K, committed 11648K, reserved 1064960K
  class space    used 1059K, committed 1152K, reserved 1048576K
}
Event: 2144.378 GC heap before
{Heap before GC invocations=3897 (full 19):
 garbage-first heap   total 178176K, used 76683K [0x0000000082400000, 0x0000000100000000)
  region size 1024K, 2 young (2048K), 1 survivors (1024K)
 Metaspace       used 11433K, committed 11648K, reserved 1064960K
  class space    used 1059K, committed 1152K, reserved 1048576K
}
Event: 2144.384 GC heap after
{Heap after GC invocations=3898 (full 19):
 garbage-first heap   total 313344K, used 76684K [0x0000000082400000, 0x0000000100000000)
  region size 1024K, 1 young (1024K), 1 survivors (1024K)
 Metaspace       used 11433K, committed 11648K, reserved 1064960K
  class space    used 1059K, committed 1152K, reserved 1048576K
}
Event: 2145.205 GC heap before
{Heap before GC invocations=3898 (full 19):
 garbage-first heap   total 313344K, used 141196K [0x0000000082400000, 0x0000000100000000)
  region size 1024K, 4 young (4096K), 1 survivors (1024K)
 Metaspace       used 11437K, committed 11712K, reserved 1064960K
  class space    used 1059K, committed 1152K, reserved 1048576K
}
Event: 2145.208 GC heap after
{Heap after GC invocations=3899 (full 19):
 garbage-first heap   total 313344K, used 99345K [0x0000000082400000, 0x0000000100000000)
  region size 1024K, 1 young (1024K), 1 survivors (1024K)
 Metaspace       used 11437K, committed 11712K, reserved 1064960K
  class space    used 1059K, committed 1152K, reserved 1048576K
}
Event: 2145.860 GC heap before
{Heap before GC invocations=3900 (full 19):
 garbage-first heap   total 313344K, used 139281K [0x0000000082400000, 0x0000000100000000)
  region size 1024K, 2 young (2048K), 1 survivors (1024K)
 Metaspace       used 11437K, committed 11712K, reserved 1064960K
  class space    used 1059K, committed 1152K, reserved 1048576K
}
Event: 2145.862 GC heap after
{Heap after GC invocations=3901 (full 19):
 garbage-first heap   total 313344K, used 68623K [0x0000000082400000, 0x0000000100000000)
  region size 1024K, 1 young (1024K), 1 survivors (1024K)
 Metaspace       used 11437K, committed 11712K, reserved 1064960K
  class space    used 1059K, committed 1152K, reserved 1048576K
}
Event: 2146.999 GC heap before
{Heap before GC invocations=3901 (full 19):
 garbage-first heap   total 313344K, used 139279K [0x0000000082400000, 0x0000000100000000)
  region size 1024K, 2 young (2048K), 1 survivors (1024K)
 Metaspace       used 11437K, committed 11712K, reserved 1064960K
  class space    used 1059K, committed 1152K, reserved 1048576K
}
Event: 2147.002 GC heap after
{Heap after GC invocations=3902 (full 19):
 garbage-first heap   total 313344K, used 68619K [0x0000000082400000, 0x0000000100000000)
  region size 1024K, 1 young (1024K), 1 survivors (1024K)
 Metaspace       used 11437K, committed 11712K, reserved 1064960K
  class space    used 1059K, committed 1152K, reserved 1048576K
}
Event: 2148.103 GC heap before
{Heap before GC invocations=3902 (full 19):
 garbage-first heap   total 313344K, used 141323K [0x0000000082400000, 0x0000000100000000)
  region size 1024K, 4 young (4096K), 1 survivors (1024K)
 Metaspace       used 11447K, committed 11712K, reserved 1064960K
  class space    used 1059K, committed 1152K, reserved 1048576K
}
Event: 2148.107 GC heap after
{Heap after GC invocations=3903 (full 19):
 garbage-first heap   total 313344K, used 73098K [0x0000000082400000, 0x0000000100000000)
  region size 1024K, 1 young (1024K), 1 survivors (1024K)
 Metaspace       used 11447K, committed 11712K, reserved 1064960K
  class space    used 1059K, committed 1152K, reserved 1048576K
}
Event: 2149.189 GC heap before
{Heap before GC invocations=3903 (full 19):
 garbage-first heap   total 313344K, used 139658K [0x0000000082400000, 0x0000000100000000)
  region size 1024K, 2 young (2048K), 1 survivors (1024K)
 Metaspace       used 11451K, committed 11712K, reserved 1064960K
  class space    used 1059K, committed 1152K, reserved 1048576K
}
Event: 2149.192 GC heap after
{Heap after GC invocations=3904 (full 19):
 garbage-first heap   total 313344K, used 70023K [0x0000000082400000, 0x0000000100000000)
  region size 1024K, 1 young (1024K), 1 survivors (1024K)
 Metaspace       used 11451K, committed 11712K, reserved 1064960K
  class space    used 1059K, committed 1152K, reserved 1048576K
}
Event: 2150.324 GC heap before
{Heap before GC invocations=3904 (full 19):
 garbage-first heap   total 313344K, used 139655K [0x0000000082400000, 0x0000000100000000)
  region size 1024K, 2 young (2048K), 1 survivors (1024K)
 Metaspace       used 11451K, committed 11712K, reserved 1064960K
  class space    used 1059K, committed 1152K, reserved 1048576K
}
Event: 2150.327 GC heap after
{Heap after GC invocations=3905 (full 19):
 garbage-first heap   total 313344K, used 70029K [0x0000000082400000, 0x0000000100000000)
  region size 1024K, 1 young (1024K), 1 survivors (1024K)
 Metaspace       used 11451K, committed 11712K, reserved 1064960K
  class space    used 1059K, committed 1152K, reserved 1048576K
}
Event: 2151.448 GC heap before
{Heap before GC invocations=3905 (full 19):
 garbage-first heap   total 313344K, used 139661K [0x0000000082400000, 0x0000000100000000)
  region size 1024K, 2 young (2048K), 1 survivors (1024K)
 Metaspace       used 11453K, committed 11712K, reserved 1064960K
  class space    used 1059K, committed 1152K, reserved 1048576K
}
Event: 2151.450 GC heap after
{Heap after GC invocations=3906 (full 19):
 garbage-first heap   total 313344K, used 70022K [0x0000000082400000, 0x0000000100000000)
  region size 1024K, 1 young (1024K), 1 survivors (1024K)
 Metaspace       used 11453K, committed 11712K, reserved 1064960K
  class space    used 1059K, committed 1152K, reserved 1048576K
}
Event: 2152.119 GC heap before
{Heap before GC invocations=3907 (full 19):
 garbage-first heap   total 249856K, used 110982K [0x0000000082400000, 0x0000000100000000)
  region size 1024K, 2 young (2048K), 1 survivors (1024K)
 Metaspace       used 11453K, committed 11712K, reserved 1064960K
  class space    used 1059K, committed 1152K, reserved 1048576K
}
Event: 2152.122 GC heap after
{Heap after GC invocations=3908 (full 19):
 garbage-first heap   total 249856K, used 70025K [0x0000000082400000, 0x0000000100000000)
  region size 1024K, 1 young (1024K), 1 survivors (1024K)
 Metaspace       used 11453K, committed 11712K, reserved 1064960K
  class space    used 1059K, committed 1152K, reserved 1048576K
}
Event: 2152.790 GC heap before
{Heap before GC invocations=3909 (full 19):
 garbage-first heap   total 249856K, used 110985K [0x0000000082400000, 0x0000000100000000)
  region size 1024K, 2 young (2048K), 1 survivors (1024K)
 Metaspace       used 11453K, committed 11712K, reserved 1064960K
  class space    used 1059K, committed 1152K, reserved 1048576K
}

