# JRE version: OpenJDK Runtime Environment Temurin-17.0.4.1+1 (17.0.4.1+1) (build 17.0.4.1+1)
# Java VM: OpenJDK 64-Bit Server VM Temurin-17.0.4.1+1 (17.0.4.1+1, mixed mode, sharing, tiered, compressed oops, compressed class ptrs, g1 gc, windows-amd64)
GC Precious Log:
 CPUs: 8 total, 8 available
 Memory: 8043M
 Large Page Support: Disabled
 NUMA Support: Disabled
 Compressed Oops: Enabled (32-bit)
 Heap Region Size: 1M
 Heap Min Capacity: 8M
 Heap Initial Capacity: 126M
 Heap Max Capacity: 2012M
 Pre-touch: Disabled
 Parallel Workers: 8
 Concurrent Workers: 2
 Concurrent Refinement Workers: 8
 Periodic GC: Disabled
Heap:
 garbage-first heap   total 239616K, used 88355K [0x0000000082400000, 0x0000000100000000)
  region size 1024K, 1 young (1024K), 1 survivors (1024K)
 Metaspace       used 11751K, committed 11968K, reserved 1064960K
  class space    used 1077K, committed 1152K, reserved 1048576K
GC Heap History (20 events):
Event: 6451.613 GC heap after
{Heap after GC invocations=4239 (full 94):
 garbage-first heap   total 260096K, used 66956K [0x0000000082400000, 0x0000000100000000)
  region size 1024K, 1 young (1024K), 1 survivors (1024K)
 Metaspace       used 11750K, committed 11968K, reserved 1064960K
  class space    used 1077K, committed 1152K, reserved 1048576K
}
Event: 6454.655 GC heap before
{Heap before GC invocations=4239 (full 94):
 garbage-first heap   total 260096K, used 248204K [0x0000000082400000, 0x0000000100000000)
  region size 1024K, 2 young (2048K), 1 survivors (1024K)
 Metaspace       used 11750K, committed 11968K, reserved 1064960K
  class space    used 1077K, committed 1152K, reserved 1048576K
}
Event: 6454.656 GC heap after
{Heap after GC invocations=4240 (full 94):
 garbage-first heap   total 260096K, used 66948K [0x0000000082400000, 0x0000000100000000)
  region size 1024K, 1 young (1024K), 1 survivors (1024K)
 Metaspace       used 11750K, committed 11968K, reserved 1064960K
  class space    used 1077K, committed 1152K, reserved 1048576K
}
Event: 6457.611 GC heap before
{Heap before GC invocations=4240 (full 94):
 garbage-first heap   total 260096K, used 238980K [0x0000000082400000, 0x0000000100000000)
  region size 1024K, 2 young (2048K), 1 survivors (1024K)
 Metaspace       used 11751K, committed 11968K, reserved 1064960K
  class space    used 1077K, committed 1152K, reserved 1048576K
}
Event: 6457.615 GC heap after
{Heap after GC invocations=4241 (full 94):
 garbage-first heap   total 260096K, used 66952K [0x0000000082400000, 0x0000000100000000)
  region size 1024K, 1 young (1024K), 1 survivors (1024K)
 Metaspace       used 11751K, committed 11968K, reserved 1064960K
  class space    used 1077K, committed 1152K, reserved 1048576K
}
Event: 6457.942 GC heap before
{Heap before GC invocations=4241 (full 94):
 garbage-first heap   total 260096K, used 83336K [0x0000000082400000, 0x0000000100000000)
  region size 1024K, 2 young (2048K), 1 survivors (1024K)
 Metaspace       used 11751K, committed 11968K, reserved 1064960K
  class space    used 1077K, committed 1152K, reserved 1048576K
}
Event: 6457.944 GC heap after
{Heap after GC invocations=4242 (full 94):
 garbage-first heap   total 260096K, used 66952K [0x0000000082400000, 0x0000000100000000)
  region size 1024K, 1 young (1024K), 1 survivors (1024K)
 Metaspace       used 11751K, committed 11968K, reserved 1064960K
  class space    used 1077K, committed 1152K, reserved 1048576K
}
Event: 6459.540 GC heap before
{Heap before GC invocations=4243 (full 94):
 garbage-first heap   total 260096K, used 163208K [0x0000000082400000, 0x0000000100000000)
  region size 1024K, 2 young (2048K), 1 survivors (1024K)
 Metaspace       used 11751K, committed 11968K, reserved 1064960K
  class space    used 1077K, committed 1152K, reserved 1048576K
}
Event: 6459.557 GC heap after
{Heap after GC invocations=4244 (full 95):
 garbage-first heap   total 239616K, used 67804K [0x0000000082400000, 0x0000000100000000)
  region size 1024K, 0 young (0K), 0 survivors (0K)
 Metaspace       used 11751K, committed 11968K, reserved 1064960K
  class space    used 1077K, committed 1152K, reserved 1048576K
}
Event: 6459.564 GC heap before
{Heap before GC invocations=4244 (full 95):
 garbage-first heap   total 239616K, used 67804K [0x0000000082400000, 0x0000000100000000)
  region size 1024K, 1 young (1024K), 0 survivors (0K)
 Metaspace       used 11751K, committed 11968K, reserved 1064960K
  class space    used 1077K, committed 1152K, reserved 1048576K
}
Event: 6459.570 GC heap after
{Heap after GC invocations=4245 (full 95):
 garbage-first heap   total 239616K, used 67816K [0x0000000082400000, 0x0000000100000000)
  region size 1024K, 1 young (1024K), 1 survivors (1024K)
 Metaspace       used 11751K, committed 11968K, reserved 1064960K
  class space    used 1077K, committed 1152K, reserved 1048576K
}
Event: 6459.662 GC heap before
{Heap before GC invocations=4245 (full 95):
 garbage-first heap   total 239616K, used 85224K [0x0000000082400000, 0x0000000100000000)
  region size 1024K, 10 young (10240K), 1 survivors (1024K)
 Metaspace       used 11751K, committed 11968K, reserved 1064960K
  class space    used 1077K, committed 1152K, reserved 1048576K
}
Event: 6459.663 GC heap after
{Heap after GC invocations=4246 (full 95):
 garbage-first heap   total 239616K, used 76010K [0x0000000082400000, 0x0000000100000000)
  region size 1024K, 1 young (1024K), 1 survivors (1024K)
 Metaspace       used 11751K, committed 11968K, reserved 1064960K
  class space    used 1077K, committed 1152K, reserved 1048576K
}
Event: 6459.665 GC heap before
{Heap before GC invocations=4246 (full 95):
 garbage-first heap   total 239616K, used 84202K [0x0000000082400000, 0x0000000100000000)
  region size 1024K, 2 young (2048K), 1 survivors (1024K)
 Metaspace       used 11751K, committed 11968K, reserved 1064960K
  class space    used 1077K, committed 1152K, reserved 1048576K
}
Event: 6459.666 GC heap after
{Heap after GC invocations=4247 (full 95):
 garbage-first heap   total 239616K, used 84200K [0x0000000082400000, 0x0000000100000000)
  region size 1024K, 1 young (1024K), 1 survivors (1024K)
 Metaspace       used 11751K, committed 11968K, reserved 1064960K
  class space    used 1077K, committed 1152K, reserved 1048576K
}
Event: 6459.701 GC heap before
{Heap before GC invocations=4248 (full 95):
 garbage-first heap   total 239616K, used 99560K [0x0000000082400000, 0x0000000100000000)
  region size 1024K, 2 young (2048K), 1 survivors (1024K)
 Metaspace       used 11751K, committed 11968K, reserved 1064960K
  class space    used 1077K, committed 1152K, reserved 1048576K
}
Event: 6459.703 GC heap after
{Heap after GC invocations=4249 (full 95):
 garbage-first heap   total 239616K, used 99596K [0x0000000082400000, 0x0000000100000000)
  region size 1024K, 1 young (1024K), 1 survivors (1024K)
 Metaspace       used 11751K, committed 11968K, reserved 1064960K
  class space    used 1077K, committed 1152K, reserved 1048576K
}
Event: 6459.720 GC heap before
{Heap before GC invocations=4250 (full 95):
 garbage-first heap   total 239616K, used 101644K [0x0000000082400000, 0x0000000100000000)
  region size 1024K, 3 young (3072K), 1 survivors (1024K)
 Metaspace       used 11751K, committed 11968K, reserved 1064960K
  class space    used 1077K, committed 1152K, reserved 1048576K
}
Event: 6459.720 GC heap after
{Heap after GC invocations=4251 (full 95):
 garbage-first heap   total 239616K, used 84202K [0x0000000082400000, 0x0000000100000000)
  region size 1024K, 1 young (1024K), 1 survivors (1024K)
 Metaspace       used 11751K, committed 11968K, reserved 1064960K
  class space    used 1077K, committed 1152K, reserved 1048576K
}
Event: 6459.754 GC heap before
{Heap before GC invocations=4252 (full 95):
 garbage-first heap   total 239616K, used 89322K [0x0000000082400000, 0x0000000100000000)
  region size 1024K, 3 young (3072K), 1 survivors (1024K)
 Metaspace       used 11751K, committed 11968K, reserved 1064960K
  class space    used 1077K, committed 1152K, reserved 1048576K
}

