# JRE version: OpenJDK Runtime Environment Temurin-17.0.4.1+1 (17.0.4.1+1) (build 17.0.4.1+1)
# Java VM: OpenJDK 64-Bit Server VM Temurin-17.0.4.1+1 (17.0.4.1+1, mixed mode, sharing, tiered, compressed oops, compressed class ptrs, g1 gc, windows-amd64)
GC Precious Log:
 CPUs: 8 total, 8 available
 Memory: 8043M
 Large Page Support: Disabled
 NUMA Support: Disabled
 Compressed Oops: Enabled (32-bit)
 Heap Region Size: 1M
 Heap Min Capacity: 8M
 Heap Initial Capacity: 126M
 Heap Max Capacity: 2012M
 Pre-touch: Disabled
 Parallel Workers: 8
 Concurrent Workers: 2
 Concurrent Refinement Workers: 8
 Periodic GC: Disabled
Heap:
 garbage-first heap   total 194560K, used 67043K [0x0000000082400000, 0x0000000100000000)
  region size 1024K, 1 young (1024K), 1 survivors (1024K)
 Metaspace       used 11439K, committed 11648K, reserved 1064960K
  class space    used 1070K, committed 1152K, reserved 1048576K
GC Heap History (20 events):
Event: 998.389 GC heap after
{Heap after GC invocations=1555 (full 17):
 garbage-first heap   total 215040K, used 56431K [0x0000000082400000, 0x0000000100000000)
  region size 1024K, 1 young (1024K), 1 survivors (1024K)
 Metaspace       used 11375K, committed 11584K, reserved 1064960K
  class space    used 1066K, committed 1152K, reserved 1048576K
}
Event: 998.979 GC heap before
{Heap before GC invocations=1555 (full 17):
 garbage-first heap   total 215040K, used 90223K [0x0000000082400000, 0x0000000100000000)
  region size 1024K, 2 young (2048K), 1 survivors (1024K)
 Metaspace       used 11375K, committed 11584K, reserved 1064960K
  class space    used 1066K, committed 1152K, reserved 1048576K
}
Event: 998.980 GC heap after
{Heap after GC invocations=1556 (full 17):
 garbage-first heap   total 215040K, used 56435K [0x0000000082400000, 0x0000000100000000)
  region size 1024K, 1 young (1024K), 1 survivors (1024K)
 Metaspace       used 11375K, committed 11584K, reserved 1064960K
  class space    used 1066K, committed 1152K, reserved 1048576K
}
Event: 999.535 GC heap before
{Heap before GC invocations=1556 (full 17):
 garbage-first heap   total 215040K, used 90227K [0x0000000082400000, 0x0000000100000000)
  region size 1024K, 2 young (2048K), 1 survivors (1024K)
 Metaspace       used 11375K, committed 11584K, reserved 1064960K
  class space    used 1066K, committed 1152K, reserved 1048576K
}
Event: 999.537 GC heap after
{Heap after GC invocations=1557 (full 17):
 garbage-first heap   total 215040K, used 56431K [0x0000000082400000, 0x0000000100000000)
  region size 1024K, 1 young (1024K), 1 survivors (1024K)
 Metaspace       used 11375K, committed 11584K, reserved 1064960K
  class space    used 1066K, committed 1152K, reserved 1048576K
}
Event: 999.827 GC heap before
{Heap before GC invocations=1557 (full 17):
 garbage-first heap   total 215040K, used 74863K [0x0000000082400000, 0x0000000100000000)
  region size 1024K, 2 young (2048K), 1 survivors (1024K)
 Metaspace       used 11375K, committed 11584K, reserved 1064960K
  class space    used 1066K, committed 1152K, reserved 1048576K
}
Event: 999.845 GC heap after
{Heap after GC invocations=1558 (full 18):
 garbage-first heap   total 194560K, used 56404K [0x0000000082400000, 0x0000000100000000)
  region size 1024K, 0 young (0K), 0 survivors (0K)
 Metaspace       used 11375K, committed 11584K, reserved 1064960K
  class space    used 1066K, committed 1152K, reserved 1048576K
}
Event: 1036.614 GC heap before
{Heap before GC invocations=1558 (full 18):
 garbage-first heap   total 194560K, used 93268K [0x0000000082400000, 0x0000000100000000)
  region size 1024K, 12 young (12288K), 0 survivors (0K)
 Metaspace       used 11418K, committed 11584K, reserved 1064960K
  class space    used 1070K, committed 1152K, reserved 1048576K
}
Event: 1036.615 GC heap after
{Heap after GC invocations=1559 (full 18):
 garbage-first heap   total 194560K, used 82186K [0x0000000082400000, 0x0000000100000000)
  region size 1024K, 1 young (1024K), 1 survivors (1024K)
 Metaspace       used 11418K, committed 11584K, reserved 1064960K
  class space    used 1070K, committed 1152K, reserved 1048576K
}
Event: 1036.641 GC heap before
{Heap before GC invocations=1559 (full 18):
 garbage-first heap   total 194560K, used 90378K [0x0000000082400000, 0x0000000100000000)
  region size 1024K, 2 young (2048K), 1 survivors (1024K)
 Metaspace       used 11419K, committed 11584K, reserved 1064960K
  class space    used 1070K, committed 1152K, reserved 1048576K
}
Event: 1036.642 GC heap after
{Heap after GC invocations=1560 (full 18):
 garbage-first heap   total 194560K, used 74033K [0x0000000082400000, 0x0000000100000000)
  region size 1024K, 1 young (1024K), 1 survivors (1024K)
 Metaspace       used 11419K, committed 11584K, reserved 1064960K
  class space    used 1070K, committed 1152K, reserved 1048576K
}
Event: 1036.841 GC heap before
{Heap before GC invocations=1560 (full 18):
 garbage-first heap   total 194560K, used 89393K [0x0000000082400000, 0x0000000100000000)
  region size 1024K, 6 young (6144K), 1 survivors (1024K)
 Metaspace       used 11438K, committed 11648K, reserved 1064960K
  class space    used 1070K, committed 1152K, reserved 1048576K
}
Event: 1036.842 GC heap after
{Heap after GC invocations=1561 (full 18):
 garbage-first heap   total 194560K, used 85450K [0x0000000082400000, 0x0000000100000000)
  region size 1024K, 1 young (1024K), 1 survivors (1024K)
 Metaspace       used 11438K, committed 11648K, reserved 1064960K
  class space    used 1070K, committed 1152K, reserved 1048576K
}
Event: 1036.843 GC heap before
{Heap before GC invocations=1561 (full 18):
 garbage-first heap   total 194560K, used 86474K [0x0000000082400000, 0x0000000100000000)
  region size 1024K, 2 young (2048K), 1 survivors (1024K)
 Metaspace       used 11438K, committed 11648K, reserved 1064960K
  class space    used 1070K, committed 1152K, reserved 1048576K
}
Event: 1036.844 GC heap after
{Heap after GC invocations=1562 (full 18):
 garbage-first heap   total 194560K, used 79305K [0x0000000082400000, 0x0000000100000000)
  region size 1024K, 1 young (1024K), 1 survivors (1024K)
 Metaspace       used 11438K, committed 11648K, reserved 1064960K
  class space    used 1070K, committed 1152K, reserved 1048576K
}
Event: 1037.001 GC heap before
{Heap before GC invocations=1562 (full 18):
 garbage-first heap   total 194560K, used 87497K [0x0000000082400000, 0x0000000100000000)
  region size 1024K, 4 young (4096K), 1 survivors (1024K)
 Metaspace       used 11439K, committed 11648K, reserved 1064960K
  class space    used 1070K, committed 1152K, reserved 1048576K
}
Event: 1037.004 GC heap after
{Heap after GC invocations=1563 (full 18):
 garbage-first heap   total 194560K, used 84455K [0x0000000082400000, 0x0000000100000000)
  region size 1024K, 1 young (1024K), 1 survivors (1024K)
 Metaspace       used 11439K, committed 11648K, reserved 1064960K
  class space    used 1070K, committed 1152K, reserved 1048576K
}
Event: 1037.019 GC heap before
{Heap before GC invocations=1563 (full 18):
 garbage-first heap   total 194560K, used 85479K [0x0000000082400000, 0x0000000100000000)
  region size 1024K, 2 young (2048K), 1 survivors (1024K)
 Metaspace       used 11439K, committed 11648K, reserved 1064960K
  class space    used 1070K, committed 1152K, reserved 1048576K
}
Event: 1037.040 GC heap after
{Heap after GC invocations=1564 (full 19):
 garbage-first heap   total 194560K, used 67031K [0x0000000082400000, 0x0000000100000000)
  region size 1024K, 0 young (0K), 0 survivors (0K)
 Metaspace       used 11439K, committed 11648K, reserved 1064960K
  class space    used 1070K, committed 1152K, reserved 1048576K
}
Event: 1040.130 GC heap before
{Heap before GC invocations=1564 (full 19):
 garbage-first heap   total 194560K, used 85463K [0x0000000082400000, 0x0000000100000000)
  region size 1024K, 1 young (1024K), 0 survivors (0K)
 Metaspace       used 11439K, committed 11648K, reserved 1064960K
  class space    used 1070K, committed 1152K, reserved 1048576K
}

