# JRE version: OpenJDK Runtime Environment Temurin-17.0.4.1+1 (17.0.4.1+1) (build 17.0.4.1+1)
# Java VM: OpenJDK 64-Bit Server VM Temurin-17.0.4.1+1 (17.0.4.1+1, mixed mode, sharing, tiered, compressed oops, compressed class ptrs, g1 gc, windows-amd64)
GC Precious Log:
 CPUs: 8 total, 8 available
 Memory: 8043M
 Large Page Support: Disabled
 NUMA Support: Disabled
 Compressed Oops: Enabled (32-bit)
 Heap Region Size: 1M
 Heap Min Capacity: 8M
 Heap Initial Capacity: 126M
 Heap Max Capacity: 2012M
 Pre-touch: Disabled
 Parallel Workers: 8
 Concurrent Workers: 2
 Concurrent Refinement Workers: 8
 Periodic GC: Disabled
Heap:
 garbage-first heap   total 174080K, used 75268K [0x0000000082400000, 0x0000000100000000)
  region size 1024K, 1 young (1024K), 1 survivors (1024K)
 Metaspace       used 11225K, committed 11456K, reserved 1064960K
  class space    used 1060K, committed 1152K, reserved 1048576K
GC Heap History (20 events):
Event: 281.250 GC heap after
{Heap after GC invocations=449 (full 12):
 garbage-first heap   total 178176K, used 75039K [0x0000000082400000, 0x0000000100000000)
  region size 1024K, 1 young (1024K), 1 survivors (1024K)
 Metaspace       used 11157K, committed 11328K, reserved 1064960K
  class space    used 1056K, committed 1152K, reserved 1048576K
}
Event: 281.265 GC heap before
{Heap before GC invocations=449 (full 12):
 garbage-first heap   total 178176K, used 83231K [0x0000000082400000, 0x0000000100000000)
  region size 1024K, 2 young (2048K), 1 survivors (1024K)
 Metaspace       used 11158K, committed 11328K, reserved 1064960K
  class space    used 1056K, committed 1152K, reserved 1048576K
}
Event: 281.267 GC heap after
{Heap after GC invocations=450 (full 12):
 garbage-first heap   total 178176K, used 66889K [0x0000000082400000, 0x0000000100000000)
  region size 1024K, 1 young (1024K), 1 survivors (1024K)
 Metaspace       used 11158K, committed 11328K, reserved 1064960K
  class space    used 1056K, committed 1152K, reserved 1048576K
}
Event: 281.325 GC heap before
{Heap before GC invocations=450 (full 12):
 garbage-first heap   total 178176K, used 76105K [0x0000000082400000, 0x0000000100000000)
  region size 1024K, 4 young (4096K), 1 survivors (1024K)
 Metaspace       used 11182K, committed 11392K, reserved 1064960K
  class space    used 1056K, committed 1152K, reserved 1048576K
}
Event: 281.343 GC heap after
{Heap after GC invocations=451 (full 13):
 garbage-first heap   total 178176K, used 50446K [0x0000000082400000, 0x0000000100000000)
  region size 1024K, 0 young (0K), 0 survivors (0K)
 Metaspace       used 11182K, committed 11392K, reserved 1064960K
  class space    used 1056K, committed 1152K, reserved 1048576K
}
Event: 283.414 GC heap before
{Heap before GC invocations=451 (full 13):
 garbage-first heap   total 178176K, used 53518K [0x0000000082400000, 0x0000000100000000)
  region size 1024K, 2 young (2048K), 0 survivors (0K)
 Metaspace       used 11183K, committed 11392K, reserved 1064960K
  class space    used 1056K, committed 1152K, reserved 1048576K
}
Event: 283.434 GC heap after
{Heap after GC invocations=452 (full 14):
 garbage-first heap   total 174080K, used 50457K [0x0000000082400000, 0x0000000100000000)
  region size 1024K, 0 young (0K), 0 survivors (0K)
 Metaspace       used 11183K, committed 11392K, reserved 1064960K
  class space    used 1056K, committed 1152K, reserved 1048576K
}
Event: 292.617 GC heap before
{Heap before GC invocations=452 (full 14):
 garbage-first heap   total 174080K, used 84249K [0x0000000082400000, 0x0000000100000000)
  region size 1024K, 10 young (10240K), 0 survivors (0K)
 Metaspace       used 11213K, committed 11456K, reserved 1064960K
  class space    used 1060K, committed 1152K, reserved 1048576K
}
Event: 292.617 GC heap after
{Heap after GC invocations=453 (full 14):
 garbage-first heap   total 174080K, used 75118K [0x0000000082400000, 0x0000000100000000)
  region size 1024K, 1 young (1024K), 1 survivors (1024K)
 Metaspace       used 11213K, committed 11456K, reserved 1064960K
  class space    used 1060K, committed 1152K, reserved 1048576K
}
Event: 292.637 GC heap before
{Heap before GC invocations=453 (full 14):
 garbage-first heap   total 174080K, used 83310K [0x0000000082400000, 0x0000000100000000)
  region size 1024K, 2 young (2048K), 1 survivors (1024K)
 Metaspace       used 11214K, committed 11456K, reserved 1064960K
  class space    used 1060K, committed 1152K, reserved 1048576K
}
Event: 292.639 GC heap after
{Heap after GC invocations=454 (full 14):
 garbage-first heap   total 174080K, used 66964K [0x0000000082400000, 0x0000000100000000)
  region size 1024K, 1 young (1024K), 1 survivors (1024K)
 Metaspace       used 11214K, committed 11456K, reserved 1064960K
  class space    used 1060K, committed 1152K, reserved 1048576K
}
Event: 292.696 GC heap before
{Heap before GC invocations=454 (full 14):
 garbage-first heap   total 174080K, used 77204K [0x0000000082400000, 0x0000000100000000)
  region size 1024K, 4 young (4096K), 1 survivors (1024K)
 Metaspace       used 11224K, committed 11456K, reserved 1064960K
  class space    used 1060K, committed 1152K, reserved 1048576K
}
Event: 292.710 GC heap after
{Heap after GC invocations=455 (full 15):
 garbage-first heap   total 174080K, used 59860K [0x0000000082400000, 0x0000000100000000)
  region size 1024K, 0 young (0K), 0 survivors (0K)
 Metaspace       used 11224K, committed 11456K, reserved 1064960K
  class space    used 1060K, committed 1152K, reserved 1048576K
}
Event: 293.638 GC heap before
{Heap before GC invocations=455 (full 15):
 garbage-first heap   total 174080K, used 77268K [0x0000000082400000, 0x0000000100000000)
  region size 1024K, 9 young (9216K), 0 survivors (0K)
 Metaspace       used 11224K, committed 11456K, reserved 1064960K
  class space    used 1060K, committed 1152K, reserved 1048576K
}
Event: 293.640 GC heap after
{Heap after GC invocations=456 (full 15):
 garbage-first heap   total 174080K, used 68064K [0x0000000082400000, 0x0000000100000000)
  region size 1024K, 1 young (1024K), 1 survivors (1024K)
 Metaspace       used 11224K, committed 11456K, reserved 1064960K
  class space    used 1060K, committed 1152K, reserved 1048576K
}
Event: 293.641 GC heap before
{Heap before GC invocations=456 (full 15):
 garbage-first heap   total 174080K, used 76256K [0x0000000082400000, 0x0000000100000000)
  region size 1024K, 2 young (2048K), 1 survivors (1024K)
 Metaspace       used 11224K, committed 11456K, reserved 1064960K
  class space    used 1060K, committed 1152K, reserved 1048576K
}
Event: 293.642 GC heap after
{Heap after GC invocations=457 (full 15):
 garbage-first heap   total 174080K, used 76258K [0x0000000082400000, 0x0000000100000000)
  region size 1024K, 1 young (1024K), 1 survivors (1024K)
 Metaspace       used 11224K, committed 11456K, reserved 1064960K
  class space    used 1060K, committed 1152K, reserved 1048576K
}
Event: 293.663 GC heap before
{Heap before GC invocations=458 (full 15):
 garbage-first heap   total 174080K, used 83426K [0x0000000082400000, 0x0000000100000000)
  region size 1024K, 2 young (2048K), 1 survivors (1024K)
 Metaspace       used 11224K, committed 11456K, reserved 1064960K
  class space    used 1060K, committed 1152K, reserved 1048576K
}
Event: 293.665 GC heap after
{Heap after GC invocations=459 (full 15):
 garbage-first heap   total 174080K, used 83424K [0x0000000082400000, 0x0000000100000000)
  region size 1024K, 1 young (1024K), 1 survivors (1024K)
 Metaspace       used 11224K, committed 11456K, reserved 1064960K
  class space    used 1060K, committed 1152K, reserved 1048576K
}
Event: 293.675 GC heap before
{Heap before GC invocations=460 (full 15):
 garbage-first heap   total 174080K, used 91616K [0x0000000082400000, 0x0000000100000000)
  region size 1024K, 2 young (2048K), 1 survivors (1024K)
 Metaspace       used 11225K, committed 11456K, reserved 1064960K
  class space    used 1060K, committed 1152K, reserved 1048576K
}

