# JRE version: OpenJDK Runtime Environment Temurin-17.0.4.1+1 (17.0.4.1+1) (build 17.0.4.1+1)
# Java VM: OpenJDK 64-Bit Server VM Temurin-17.0.4.1+1 (17.0.4.1+1, mixed mode, sharing, tiered, compressed oops, compressed class ptrs, g1 gc, windows-amd64)
GC Precious Log:
 CPUs: 8 total, 8 available
 Memory: 8043M
 Large Page Support: Disabled
 NUMA Support: Disabled
 Compressed Oops: Enabled (32-bit)
 Heap Region Size: 1M
 Heap Min Capacity: 8M
 Heap Initial Capacity: 126M
 Heap Max Capacity: 2012M
 Pre-touch: Disabled
 Parallel Workers: 8
 Concurrent Workers: 2
 Concurrent Refinement Workers: 8
 Periodic GC: Disabled
Heap:
 garbage-first heap   total 229376K, used 93115K [0x0000000082400000, 0x0000000100000000)
  region size 1024K, 1 young (1024K), 1 survivors (1024K)
 Metaspace       used 11344K, committed 11520K, reserved 1064960K
  class space    used 1065K, committed 1152K, reserved 1048576K
GC Heap History (20 events):
Event: 399.729 GC heap after
{Heap after GC invocations=303 (full 16):
 garbage-first heap   total 245760K, used 69304K [0x0000000082400000, 0x0000000100000000)
  region size 1024K, 0 young (0K), 0 survivors (0K)
 Metaspace       used 11315K, committed 11520K, reserved 1064960K
  class space    used 1062K, committed 1152K, reserved 1048576K
}
Event: 402.392 GC heap before
{Heap before GC invocations=303 (full 16):
 garbage-first heap   total 245760K, used 106168K [0x0000000082400000, 0x0000000100000000)
  region size 1024K, 1 young (1024K), 0 survivors (0K)
 Metaspace       used 11315K, committed 11520K, reserved 1064960K
  class space    used 1062K, committed 1152K, reserved 1048576K
}
Event: 402.394 GC heap after
{Heap after GC invocations=304 (full 16):
 garbage-first heap   total 245760K, used 69318K [0x0000000082400000, 0x0000000100000000)
  region size 1024K, 1 young (1024K), 1 survivors (1024K)
 Metaspace       used 11315K, committed 11520K, reserved 1064960K
  class space    used 1062K, committed 1152K, reserved 1048576K
}
Event: 403.000 GC heap before
{Heap before GC invocations=304 (full 16):
 garbage-first heap   total 245760K, used 106182K [0x0000000082400000, 0x0000000100000000)
  region size 1024K, 2 young (2048K), 1 survivors (1024K)
 Metaspace       used 11316K, committed 11520K, reserved 1064960K
  class space    used 1062K, committed 1152K, reserved 1048576K
}
Event: 403.003 GC heap after
{Heap after GC invocations=305 (full 16):
 garbage-first heap   total 245760K, used 69312K [0x0000000082400000, 0x0000000100000000)
  region size 1024K, 1 young (1024K), 1 survivors (1024K)
 Metaspace       used 11316K, committed 11520K, reserved 1064960K
  class space    used 1062K, committed 1152K, reserved 1048576K
}
Event: 403.403 GC heap before
{Heap before GC invocations=305 (full 16):
 garbage-first heap   total 245760K, used 93888K [0x0000000082400000, 0x0000000100000000)
  region size 1024K, 2 young (2048K), 1 survivors (1024K)
 Metaspace       used 11316K, committed 11520K, reserved 1064960K
  class space    used 1062K, committed 1152K, reserved 1048576K
}
Event: 403.429 GC heap after
{Heap after GC invocations=306 (full 17):
 garbage-first heap   total 239616K, used 69303K [0x0000000082400000, 0x0000000100000000)
  region size 1024K, 0 young (0K), 0 survivors (0K)
 Metaspace       used 11316K, committed 11520K, reserved 1064960K
  class space    used 1062K, committed 1152K, reserved 1048576K
}
Event: 483.103 GC heap before
{Heap before GC invocations=306 (full 17):
 garbage-first heap   total 239616K, used 72375K [0x0000000082400000, 0x0000000100000000)
  region size 1024K, 3 young (3072K), 0 survivors (0K)
 Metaspace       used 11316K, committed 11520K, reserved 1064960K
  class space    used 1062K, committed 1152K, reserved 1048576K
}
Event: 483.139 GC heap after
{Heap after GC invocations=307 (full 18):
 garbage-first heap   total 229376K, used 68279K [0x0000000082400000, 0x0000000100000000)
  region size 1024K, 0 young (0K), 0 survivors (0K)
 Metaspace       used 11316K, committed 11520K, reserved 1064960K
  class space    used 1062K, committed 1152K, reserved 1048576K
}
Event: 509.845 GC heap before
{Heap before GC invocations=307 (full 18):
 garbage-first heap   total 229376K, used 113335K [0x0000000082400000, 0x0000000100000000)
  region size 1024K, 12 young (12288K), 0 survivors (0K)
 Metaspace       used 11340K, committed 11520K, reserved 1064960K
  class space    used 1065K, committed 1152K, reserved 1048576K
}
Event: 509.847 GC heap after
{Heap after GC invocations=308 (full 18):
 garbage-first heap   total 229376K, used 102158K [0x0000000082400000, 0x0000000100000000)
  region size 1024K, 1 young (1024K), 1 survivors (1024K)
 Metaspace       used 11340K, committed 11520K, reserved 1064960K
  class space    used 1065K, committed 1152K, reserved 1048576K
}
Event: 509.848 GC heap before
{Heap before GC invocations=308 (full 18):
 garbage-first heap   total 229376K, used 103182K [0x0000000082400000, 0x0000000100000000)
  region size 1024K, 2 young (2048K), 1 survivors (1024K)
 Metaspace       used 11340K, committed 11520K, reserved 1064960K
  class space    used 1065K, committed 1152K, reserved 1048576K
}
Event: 509.851 GC heap after
{Heap after GC invocations=309 (full 18):
 garbage-first heap   total 229376K, used 86796K [0x0000000082400000, 0x0000000100000000)
  region size 1024K, 1 young (1024K), 1 survivors (1024K)
 Metaspace       used 11340K, committed 11520K, reserved 1064960K
  class space    used 1065K, committed 1152K, reserved 1048576K
}
Event: 510.094 GC heap before
{Heap before GC invocations=309 (full 18):
 garbage-first heap   total 229376K, used 110348K [0x0000000082400000, 0x0000000100000000)
  region size 1024K, 11 young (11264K), 1 survivors (1024K)
 Metaspace       used 11342K, committed 11520K, reserved 1064960K
  class space    used 1065K, committed 1152K, reserved 1048576K
}
Event: 510.096 GC heap after
{Heap after GC invocations=310 (full 18):
 garbage-first heap   total 229376K, used 100238K [0x0000000082400000, 0x0000000100000000)
  region size 1024K, 1 young (1024K), 1 survivors (1024K)
 Metaspace       used 11342K, committed 11520K, reserved 1064960K
  class space    used 1065K, committed 1152K, reserved 1048576K
}
Event: 510.101 GC heap before
{Heap before GC invocations=310 (full 18):
 garbage-first heap   total 229376K, used 108430K [0x0000000082400000, 0x0000000100000000)
  region size 1024K, 2 young (2048K), 1 survivors (1024K)
 Metaspace       used 11342K, committed 11520K, reserved 1064960K
  class space    used 1065K, committed 1152K, reserved 1048576K
}
Event: 510.104 GC heap after
{Heap after GC invocations=311 (full 18):
 garbage-first heap   total 229376K, used 93072K [0x0000000082400000, 0x0000000100000000)
  region size 1024K, 1 young (1024K), 1 survivors (1024K)
 Metaspace       used 11342K, committed 11520K, reserved 1064960K
  class space    used 1065K, committed 1152K, reserved 1048576K
}
Event: 510.125 GC heap before
{Heap before GC invocations=311 (full 18):
 garbage-first heap   total 229376K, used 101264K [0x0000000082400000, 0x0000000100000000)
  region size 1024K, 2 young (2048K), 1 survivors (1024K)
 Metaspace       used 11342K, committed 11520K, reserved 1064960K
  class space    used 1065K, committed 1152K, reserved 1048576K
}
Event: 510.129 GC heap after
{Heap after GC invocations=312 (full 18):
 garbage-first heap   total 229376K, used 101262K [0x0000000082400000, 0x0000000100000000)
  region size 1024K, 1 young (1024K), 1 survivors (1024K)
 Metaspace       used 11342K, committed 11520K, reserved 1064960K
  class space    used 1065K, committed 1152K, reserved 1048576K
}
Event: 510.147 GC heap before
{Heap before GC invocations=312 (full 18):
 garbage-first heap   total 229376K, used 109454K [0x0000000082400000, 0x0000000100000000)
  region size 1024K, 2 young (2048K), 1 survivors (1024K)
 Metaspace       used 11344K, committed 11520K, reserved 1064960K
  class space    used 1065K, committed 1152K, reserved 1048576K
}

